  time.cpp
  thread_windows.cpp
  thread.cpp
  shared_object.cpp
  atomic.cpp
  vpp_ex.cpp
  sysmem_allocator.cpp
  sample_utils.cpp
  plugin_utils.cpp
  mfx_buffering.cpp
  general_allocator.cpp
  decode_render.cpp
  d3d_device.cpp
  d3d_allocator.cpp
  d3d11_device.cpp
  d3d11_allocator.cpp
  base_allocator.cpp
  avc_spl.cpp
  avc_nal_spl.cpp
  avc_bitstream.cpp
  Generating Code...
  sample_common.vcxproj -> C:\Program Files (x86)\IntelSWTools\Intel(R)_Media_SDK_2016.0.2\samples\sample_common\..\_build\Win32\Debug\lib\sample_common.lib
